[2015-04-05 12:11:29] START
[2015-04-05 12:12:08] CREATE db1.py: 0
[2015-04-05 14:04:12] EDIT reddit/models/db1.py: 21
[2015-04-05 14:04:28] EDIT reddit/models/db1.py: 0
[2015-04-05 14:08:30] EDIT reddit/models/db1.py: 0
[2015-04-05 14:11:33] EDIT reddit/models/db1.py: 0
[2015-04-05 14:12:25] EDIT reddit/models/db1.py: 0
[2015-04-05 14:18:11] EDIT reddit/models/db1.py: 0
[2015-04-05 14:35:26] EDIT reddit/controllers/default.py: 10
[2015-04-05 14:41:02] EDIT reddit/controllers/default.py: 2
[2015-04-05 14:49:05] EDIT reddit/controllers/default.py: 4
[2015-04-05 14:58:46] EDIT reddit/controllers/default.py: 10
[2015-04-05 15:00:06] EDIT reddit/controllers/default.py: 1
[2015-04-05 15:05:26] EDIT reddit/controllers/default.py: 6
[2015-04-05 15:09:14] EDIT reddit/controllers/default.py: 2
[2015-04-05 15:09:24] EDIT reddit/controllers/default.py: 0
[2015-04-05 15:09:31] EDIT reddit/controllers/default.py: 0
[2015-04-05 15:09:32] EDIT reddit/controllers/default.py: 0
[2015-04-05 15:27:15] EDIT reddit/controllers/default.py: 4
[2015-04-05 15:38:49] EDIT reddit/models/db1.py: 0
[2015-04-05 15:42:09] EDIT reddit/controllers/default.py: 0
[2015-04-05 15:51:51] EDIT reddit/controllers/default.py: 4
[2015-04-05 15:56:23] EDIT reddit/models/db1.py: 0
[2015-04-05 15:59:59] EDIT reddit/models/db1.py: 1
[2015-04-05 16:04:30] EDIT reddit/models/db1.py: 0
[2015-04-05 16:05:52] EDIT reddit/controllers/default.py: 0
[2015-04-05 16:06:43] EDIT reddit/models/db1.py: 0
[2015-04-05 16:13:25] EDIT reddit/controllers/default.py: 1
[2015-04-05 16:26:44] EDIT reddit/models/db1.py: 0
[2015-04-05 16:26:59] EDIT reddit/models/db1.py: 0
[2015-04-05 16:27:00] EDIT reddit/models/db1.py: 0
[2015-04-05 16:37:51] EDIT reddit/models/db1.py: 1
[2015-04-05 16:48:49] EDIT reddit/controllers/default.py: 0
[2015-04-05 18:24:44] EDIT reddit/models/db1.py: 0
[2015-04-05 18:41:45] EDIT reddit/controllers/default.py: 0
[2015-04-05 18:47:32] EDIT reddit/controllers/default.py: 1
[2015-04-05 18:50:52] EDIT reddit/models/menu.py: 0
[2015-04-05 18:56:28] EDIT reddit/models/menu.py: -103
[2015-04-05 18:57:35] EDIT reddit/models/menu.py: 0
[2015-04-05 18:58:36] EDIT reddit/models/menu.py: 0
[2015-04-05 19:01:46] CREATE default/list_posts_by_votes.html: 0
[2015-04-05 19:06:45] EDIT reddit/views/default/list_posts_by_votes.html: -1
[2015-04-05 19:07:08] EDIT reddit/views/default/list_posts_by_votes.html: 0
[2015-04-05 19:09:56] EDIT reddit/views/default/list_posts_by_votes.html: 5
[2015-04-05 19:13:46] EDIT reddit/views/default/list_posts_by_votes.html: 0
[2015-04-05 19:16:16] EDIT reddit/views/default/list_posts_by_votes.html: 0
[2015-04-05 19:19:58] EDIT reddit/views/default/list_posts_by_votes.html: 6
[2015-04-05 19:21:38] EDIT reddit/views/default/list_posts_by_votes.html: 0
[2015-04-05 19:25:12] EDIT reddit/views/default/list_posts_by_votes.html: 0
[2015-04-05 23:33:57] EDIT reddit/views/default/list_posts_by_votes.html: 1
[2015-04-05 23:38:24] EDIT reddit/controllers/default.py: 1
[2015-04-05 23:40:48] EDIT reddit/controllers/default.py: 1
[2015-04-05 23:45:55] EDIT reddit/views/default/list_posts_by_votes.html: 4
[2015-04-05 23:48:56] EDIT reddit/views/default/list_posts_by_votes.html: 0
[2015-04-05 23:49:43] EDIT reddit/controllers/default.py: -1
[2015-04-05 23:52:12] CREATE default/post_view.html: 0
[2015-04-05 23:54:10] EDIT reddit/views/default/post_view.html: 3
[2015-04-05 23:55:15] CREATE default/view_post.html: 0
[2015-04-05 23:59:08] EDIT reddit/views/default/view_post.html: 3
[2015-04-06 00:01:16] EDIT reddit/views/default/view_post.html: 2
[2015-04-06 00:07:30] EDIT reddit/views/default/list_posts_by_votes.html: 2
[2015-04-06 00:13:41] EDIT reddit/views/default/list_posts_by_votes.html: 1
[2015-04-06 00:13:42] EDIT reddit/views/default/list_posts_by_votes.html: 0
[2015-04-06 00:18:28] EDIT reddit/views/default/list_posts_by_votes.html: 2
[2015-04-06 00:23:45] EDIT reddit/views/default/view_post.html: 0
[2015-04-06 00:25:07] EDIT reddit/views/default/list_posts_by_votes.html: 0
[2015-04-06 00:37:44] EDIT reddit/views/default/view_post.html: 4
[2015-04-06 00:44:41] EDIT reddit/models/db1.py: 10
[2015-04-06 00:49:08] EDIT reddit/models/db1.py: -4
[2015-04-06 00:50:50] EDIT reddit/views/default/view_post.html: 0
[2015-04-08 16:09:22] EDIT reddit/models/db1.py: 0
[2015-04-08 16:14:06] EDIT reddit/models/db1.py: 0
[2015-04-08 16:19:48] EDIT reddit/models/db1.py: 1
[2015-04-08 16:20:11] EDIT reddit/models/db1.py: 0
[2015-04-08 16:22:26] EDIT reddit/models/db1.py: 0
[2015-04-08 16:26:06] EDIT reddit/controllers/default.py: 0
[2015-04-08 16:28:34] EDIT reddit/views/default/view_post.html: 0
[2015-04-08 16:41:41] EDIT reddit/views/default/list_posts_by_votes.html: 0
[2015-04-08 16:42:32] EDIT reddit/views/default/list_posts_by_votes.html: 0
[2015-04-08 16:44:10] EDIT reddit/views/default/list_posts_by_votes.html: 0
[2015-04-08 16:48:04] EDIT reddit/views/default/list_posts_by_votes.html: 1
[2015-04-08 16:48:52] EDIT reddit/views/default/list_posts_by_votes.html: 0
[2015-04-08 16:49:33] EDIT reddit/views/default/list_posts_by_votes.html: 0
[2015-04-08 16:56:17] EDIT reddit/models/db1.py: 0
[2015-04-08 17:01:14] EDIT reddit/views/default/list_posts_by_votes.html: 0
[2015-04-08 17:04:50] EDIT reddit/controllers/default.py: 0
[2015-04-08 17:10:59] EDIT reddit/models/db1.py: 0
[2015-04-08 17:14:13] EDIT reddit/views/default/list_posts_by_votes.html: 0
[2015-04-08 17:15:16] EDIT reddit/views/default/list_posts_by_votes.html: 0
[2015-04-30 10:52:23] EDIT reddit/controllers/default.py: 2
[2015-04-30 11:02:24] EDIT reddit/models/db1.py: 0
[2015-04-30 11:18:14] EDIT reddit/views/default/index.html: -26
[2015-04-30 11:22:23] EDIT reddit/views/default/index.html: 0
[2015-04-30 11:28:11] CREATE default/create_post.html: 0
[2015-04-30 11:30:08] EDIT reddit/views/default/create_post.html: 1
[2015-04-30 11:52:37] EDIT reddit/views/default/view_post.html: -2
[2015-04-30 11:52:42] EDIT reddit/views/default/view_post.html: 0
[2015-04-30 12:20:08] EDIT reddit/controllers/default.py: 5
[2015-04-30 12:20:27] EDIT reddit/controllers/default.py: 0
[2015-04-30 12:20:28] EDIT reddit/controllers/default.py: 0
[2015-04-30 12:25:18] EDIT reddit/views/default/list_posts_by_votes.html: -1
[2015-04-30 12:31:21] EDIT reddit/views/default/list_posts_by_votes.html: 0
[2015-04-30 12:50:25] EDIT reddit/views/default/list_posts_by_votes.html: 11
[2015-04-30 12:53:15] EDIT reddit/views/default/list_posts_by_votes.html: 0
[2015-04-30 12:57:57] EDIT reddit/views/default/list_posts_by_votes.html: 0
[2015-04-30 13:01:38] EDIT reddit/views/default/list_posts_by_votes.html: 0
[2015-04-30 13:07:28] EDIT reddit/controllers/default.py: 2
[2015-04-30 13:14:23] EDIT reddit/views/default/list_posts_by_votes.html: 0
[2015-04-30 13:24:50] EDIT reddit/views/default/list_posts_by_votes.html: 0
[2015-04-30 13:32:23] EDIT reddit/views/default/list_posts_by_votes.html: 2
[2015-04-30 14:11:28] EDIT reddit/controllers/default.py: -2
[2015-04-30 14:22:27] EDIT reddit/views/default/list_posts_by_votes.html: 0
[2015-04-30 14:30:17] EDIT reddit/views/default/list_posts_by_votes.html: 0
[2015-04-30 14:43:08] EDIT reddit/views/default/list_posts_by_votes.html: -4
[2015-04-30 14:47:36] EDIT reddit/views/default/list_posts_by_votes.html: 0
[2015-04-30 14:51:54] EDIT reddit/views/default/list_posts_by_votes.html: 0
[2015-04-30 15:07:49] EDIT reddit/views/default/list_posts_by_votes.html: 0
[2015-04-30 15:37:30] EDIT reddit/views/default/list_posts_by_votes.html: 3
[2015-04-30 15:40:04] EDIT reddit/controllers/default.py: 1
[2015-04-30 15:44:04] EDIT reddit/controllers/default.py: 2
[2015-04-30 15:44:28] EDIT reddit/controllers/default.py: 0
[2015-04-30 16:38:47] EDIT reddit/views/default/list_posts_by_votes.html: 0
[2015-04-30 16:40:15] EDIT reddit/controllers/default.py: 2
[2015-04-30 16:42:53] EDIT reddit/views/default/list_posts_by_votes.html: 0
[2015-04-30 16:44:45] EDIT reddit/views/default/list_posts_by_votes.html: 0
[2015-04-30 16:50:11] EDIT reddit/views/default/list_posts_by_votes.html: 0
[2015-04-30 16:52:11] EDIT reddit/controllers/default.py: 1
[2015-04-30 16:53:45] EDIT reddit/controllers/default.py: 2
[2015-04-30 16:55:32] EDIT reddit/views/default/list_posts_by_votes.html: 0
[2015-04-30 17:04:20] EDIT reddit/views/default/list_posts_by_votes.html: 0
[2015-04-30 17:05:44] EDIT reddit/controllers/default.py: -1
[2015-04-30 17:10:05] EDIT reddit/views/default/list_posts_by_votes.html: 1
[2015-04-30 17:10:39] EDIT reddit/views/default/list_posts_by_votes.html: 0
[2015-04-30 17:13:28] EDIT reddit/controllers/default.py: 0
[2015-04-30 17:14:23] EDIT reddit/controllers/default.py: 0
[2015-04-30 17:16:15] EDIT reddit/models/db1.py: 0
[2015-04-30 17:16:20] EDIT reddit/controllers/default.py: 0
[2015-04-30 17:17:56] EDIT reddit/controllers/default.py: 0
[2015-04-30 17:18:15] EDIT reddit/controllers/default.py: 0
[2015-04-30 17:18:56] EDIT reddit/controllers/default.py: 0
[2015-04-30 17:20:38] EDIT reddit/controllers/default.py: 1
[2015-04-30 17:21:48] EDIT reddit/controllers/default.py: 1
[2015-04-30 17:21:53] EDIT reddit/controllers/default.py: 0
[2015-04-30 17:22:38] EDIT reddit/controllers/default.py: 0
[2015-04-30 17:23:19] EDIT reddit/controllers/default.py: 0
[2015-04-30 17:24:36] EDIT reddit/views/default/list_posts_by_votes.html: 0
[2015-04-30 17:25:29] EDIT reddit/views/default/list_posts_by_votes.html: 0
[2015-04-30 17:26:52] EDIT reddit/controllers/default.py: 0
[2015-04-30 17:27:20] EDIT reddit/controllers/default.py: 0
[2015-04-30 17:28:22] EDIT reddit/controllers/default.py: 0
[2015-04-30 17:28:37] EDIT reddit/controllers/default.py: 0
[2015-04-30 17:29:25] EDIT reddit/controllers/default.py: 0
[2015-04-30 17:29:57] EDIT reddit/views/default/list_posts_by_votes.html: 0
[2015-04-30 17:30:36] EDIT reddit/controllers/default.py: 0
[2015-04-30 17:31:32] EDIT reddit/controllers/default.py: -1
[2015-04-30 17:33:27] EDIT reddit/views/default/list_posts_by_votes.html: 0
[2015-04-30 17:34:57] EDIT reddit/controllers/default.py: 0
[2015-05-01 10:01:10] EDIT reddit/controllers/default.py: 0
[2015-05-01 10:07:44] EDIT reddit/controllers/default.py: 0
[2015-05-01 10:09:59] EDIT reddit/controllers/default.py: 0
[2015-05-01 10:11:31] EDIT reddit/controllers/default.py: 0
[2015-05-01 10:12:01] EDIT reddit/controllers/default.py: 0
[2015-05-01 10:12:08] EDIT reddit/controllers/default.py: 0
[2015-05-01 10:12:34] EDIT reddit/controllers/default.py: 0
[2015-05-01 10:12:35] EDIT reddit/controllers/default.py: 0
[2015-05-01 10:16:05] EDIT reddit/controllers/default.py: 0
[2015-05-01 10:16:06] EDIT reddit/controllers/default.py: 0
[2015-05-01 10:19:45] EDIT reddit/controllers/default.py: 3
[2015-05-01 10:22:04] EDIT reddit/views/default/list_posts_by_votes.html: -9
[2015-05-01 10:22:06] EDIT reddit/views/default/list_posts_by_votes.html: 0
[2015-05-01 10:25:17] EDIT reddit/controllers/default.py: 0
[2015-05-01 10:26:44] EDIT reddit/views/default/list_posts_by_votes.html: 1
[2015-05-01 10:40:41] EDIT reddit/controllers/default.py: 0
[2015-05-01 10:40:49] EDIT reddit/controllers/default.py: 0
[2015-05-01 10:40:51] EDIT reddit/controllers/default.py: 0
[2015-05-01 10:40:51] EDIT reddit/controllers/default.py: 0
[2015-05-01 10:40:53] EDIT reddit/controllers/default.py: 0
[2015-05-01 10:41:52] EDIT reddit/views/default/list_posts_by_votes.html: 0
[2015-05-01 10:45:03] EDIT reddit/views/default/list_posts_by_votes.html: 0
[2015-05-01 10:45:56] EDIT reddit/controllers/default.py: 0
[2015-05-01 10:51:35] EDIT reddit/controllers/default.py: 0
[2015-05-01 10:52:02] EDIT reddit/controllers/default.py: 0
[2015-05-01 10:52:04] EDIT reddit/controllers/default.py: 0
[2015-05-01 10:53:20] EDIT reddit/controllers/default.py: 1
[2015-05-01 11:08:37] EDIT reddit/controllers/default.py: 0
[2015-05-01 11:09:25] EDIT reddit/controllers/default.py: 0
[2015-05-01 11:13:44] EDIT reddit/controllers/default.py: 0
[2015-05-01 11:13:52] EDIT reddit/controllers/default.py: 0
[2015-05-01 11:13:57] EDIT reddit/controllers/default.py: 0
[2015-05-01 11:14:04] EDIT reddit/controllers/default.py: 0
[2015-05-01 11:17:35] EDIT reddit/controllers/default.py: 0
[2015-05-01 11:17:48] EDIT reddit/controllers/default.py: 0
[2015-05-01 11:17:51] EDIT reddit/controllers/default.py: 0
[2015-05-01 11:17:51] EDIT reddit/controllers/default.py: 0
[2015-05-01 11:17:51] EDIT reddit/controllers/default.py: 0
[2015-05-01 11:17:53] EDIT reddit/controllers/default.py: 0
[2015-05-01 11:17:53] EDIT reddit/controllers/default.py: 0
[2015-05-01 11:17:53] EDIT reddit/controllers/default.py: 0
[2015-05-01 11:18:02] EDIT reddit/controllers/default.py: 0
[2015-05-01 11:18:07] EDIT reddit/controllers/default.py: 0
[2015-05-01 11:32:57] EDIT reddit/controllers/default.py: 0
[2015-05-01 11:58:08] EDIT reddit/models/db1.py: 0
[2015-05-01 11:58:12] EDIT reddit/views/default/list_posts_by_votes.html: 0
[2015-05-01 12:16:24] EDIT reddit/views/default/list_posts_by_votes.html: 0
[2015-05-01 12:22:07] EDIT reddit/controllers/default.py: 0
[2015-05-01 13:22:09] EDIT reddit/controllers/default.py: 0
[2015-05-01 13:22:22] EDIT reddit/controllers/default.py: 0
[2015-05-01 13:37:15] EDIT reddit/views/default/list_posts_by_votes.html: 0
[2015-05-01 13:39:04] EDIT reddit/controllers/default.py: 0
[2015-05-01 13:39:18] EDIT reddit/controllers/default.py: 0
[2015-05-01 13:41:27] EDIT reddit/views/default/index.html: 1
[2015-05-01 13:41:47] EDIT reddit/views/default/index.html: 0
[2015-05-01 14:04:10] EDIT reddit/views/default/index.html: -1
[2015-05-01 14:04:28] EDIT reddit/views/default/index.html: 0
[2015-05-01 14:04:48] EDIT reddit/views/default/index.html: 0
[2015-05-01 14:21:46] EDIT reddit/models/db1.py: 8
[2015-05-01 14:25:13] EDIT reddit/controllers/default.py: 5
[2015-05-02 02:04:06] EDIT reddit/models/menu.py: 0
[2015-05-02 02:15:31] EDIT reddit/controllers/default.py: 1
[2015-05-02 02:15:58] EDIT reddit/controllers/default.py: 0
[2015-05-02 02:16:35] EDIT reddit/controllers/default.py: 0
[2015-05-02 02:19:52] EDIT reddit/controllers/default.py: 0
[2015-05-02 02:20:16] EDIT reddit/controllers/default.py: 0
[2015-05-02 02:21:24] EDIT reddit/controllers/default.py: 0
[2015-05-02 02:21:40] EDIT reddit/controllers/default.py: 0
[2015-05-02 02:25:53] EDIT reddit/controllers/default.py: 3
[2015-05-02 02:28:49] EDIT reddit/controllers/default.py: 1
[2015-05-02 02:29:22] EDIT reddit/controllers/default.py: 0
[2015-05-02 02:31:36] EDIT reddit/controllers/default.py: 1
[2015-05-02 02:33:23] EDIT reddit/models/db1.py: -8
[2015-05-02 02:33:54] EDIT reddit/models/db1.py: 15
[2015-05-02 02:35:35] CREATE default/dekho.html: 0
[2015-05-02 02:36:17] EDIT reddit/views/default/dekho.html: 40
[2015-05-02 02:40:38] EDIT reddit/controllers/default.py: 0
[2015-05-02 02:41:39] CREATE default/show.html: 0
[2015-05-02 02:42:27] EDIT reddit/views/default/show.html: 23
[2015-05-02 02:43:13] CREATE default/new_video.html: 0
[2015-05-02 02:44:34] EDIT reddit/controllers/default.py: 19
[2015-05-02 02:44:35] EDIT reddit/controllers/default.py: 0
[2015-05-02 02:44:36] EDIT reddit/controllers/default.py: 0
[2015-05-02 02:44:36] EDIT reddit/controllers/default.py: 0
[2015-05-02 02:44:36] EDIT reddit/controllers/default.py: 0
[2015-05-02 02:46:12] EDIT reddit/views/default/new_video.html: 0
[2015-05-02 02:48:20] EDIT reddit/controllers/default.py: 0
[2015-05-02 02:52:27] EDIT reddit/controllers/default.py: 1
[2015-05-02 02:58:00] EDIT reddit/controllers/default.py: -22
[2015-05-02 02:59:36] EDIT reddit/controllers/default.py: 0
[2015-05-02 03:01:52] EDIT reddit/models/db1.py: -1
[2015-05-02 03:03:31] EDIT reddit/models/db1.py: 0
[2015-05-02 03:04:16] EDIT reddit/controllers/default.py: 0
[2015-05-02 03:05:45] EDIT reddit/models/db1.py: 0
[2015-05-02 03:06:06] EDIT reddit/models/db1.py: 0
[2015-05-02 03:08:26] EDIT reddit/controllers/default.py: 0
[2015-05-02 03:09:26] EDIT reddit/controllers/default.py: 22
[2015-05-02 03:09:49] EDIT reddit/controllers/default.py: 0
[2015-05-02 03:13:08] EDIT reddit/views/default/dekho.html: 0
[2015-05-02 03:14:33] EDIT reddit/models/db1.py: 0
[2015-05-02 03:15:06] EDIT reddit/models/db1.py: 0
[2015-05-02 03:15:07] EDIT reddit/models/db1.py: 0
[2015-05-02 03:17:57] EDIT reddit/views/default/show.html: 0
[2015-05-02 03:19:24] EDIT reddit/views/default/show.html: 0
[2015-05-02 03:20:11] EDIT reddit/controllers/default.py: 0
[2015-05-02 03:20:29] EDIT reddit/views/default/show.html: 0
[2015-05-02 03:21:34] EDIT reddit/controllers/default.py: 0
[2015-05-02 03:21:39] EDIT reddit/controllers/default.py: 0
[2015-05-02 03:21:40] EDIT reddit/controllers/default.py: 0
[2015-05-02 03:24:34] EDIT reddit/views/default/dekho.html: 0
[2015-05-02 03:25:33] EDIT reddit/controllers/default.py: 0
[2015-05-02 03:26:12] EDIT reddit/controllers/default.py: 0
[2015-05-02 03:30:33] EDIT reddit/views/default/dekho.html: -1
[2015-05-02 03:32:34] EDIT reddit/models/db1.py: 0
[2015-05-02 03:32:45] EDIT reddit/models/db1.py: 0
[2015-05-02 03:39:07] EDIT reddit/controllers/default.py: 0
[2015-05-02 03:40:49] EDIT reddit/controllers/default.py: 0
[2015-05-02 03:44:23] EDIT reddit/controllers/default.py: 0
[2015-05-02 03:45:32] EDIT reddit/controllers/default.py: 0
[2015-05-02 03:48:01] EDIT reddit/controllers/default.py: 0
[2015-05-02 03:49:52] EDIT reddit/controllers/default.py: 0
[2015-05-02 03:52:14] EDIT reddit/views/default/dekho.html: 0
[2015-05-02 03:58:33] EDIT reddit/controllers/default.py: 0
[2015-05-02 04:00:09] EDIT reddit/views/default/dekho.html: 0
[2015-05-02 04:01:11] EDIT reddit/views/default/dekho.html: 0
[2015-05-02 04:03:33] EDIT reddit/controllers/default.py: 0
[2015-05-02 10:46:58] EDIT reddit/controllers/default.py: -5
[2015-05-02 11:54:36] EDIT reddit/views/default/dekho.html: 0
[2015-05-02 11:54:52] EDIT reddit/views/default/dekho.html: 0
[2015-05-02 11:56:01] EDIT reddit/views/default/dekho.html: 1
[2015-05-02 11:56:13] EDIT reddit/views/default/dekho.html: 1
[2015-05-02 11:56:34] EDIT reddit/views/default/dekho.html: 0
[2015-05-02 11:56:55] EDIT reddit/views/default/dekho.html: 0
[2015-05-02 11:57:08] EDIT reddit/views/default/dekho.html: 0
[2015-05-02 11:57:40] EDIT reddit/views/default/dekho.html: 0
[2015-05-02 11:59:03] EDIT reddit/views/default/dekho.html: 0
[2015-05-02 11:59:50] EDIT reddit/views/default/dekho.html: 0
[2015-05-02 13:54:00] EDIT reddit/models/db1.py: 1
[2015-05-02 13:54:11] EDIT reddit/models/db1.py: 0
[2015-05-02 13:54:22] EDIT reddit/models/db1.py: 0
[2015-05-02 13:54:53] EDIT reddit/models/db1.py: 0
[2015-05-02 13:55:30] EDIT reddit/models/db1.py: 0
[2015-05-02 13:56:12] EDIT reddit/controllers/default.py: 0
[2015-05-02 13:58:27] EDIT reddit/controllers/default.py: 0
[2015-05-02 14:10:24] EDIT reddit/views/default/dekho.html: 4
[2015-05-02 14:26:19] EDIT reddit/controllers/default.py: 1
[2015-05-02 14:44:47] EDIT reddit/views/default/dekho.html: 0
[2015-05-02 14:45:31] EDIT reddit/models/db1.py: 0
[2015-05-02 17:11:38] EDIT reddit/models/db1.py: 1
[2015-05-02 17:15:22] EDIT reddit/views/default/view_post.html: 1
[2015-05-02 17:15:49] EDIT reddit/models/db1.py: 0
[2015-05-02 17:16:27] EDIT reddit/models/db1.py: 0
[2015-05-02 17:17:10] EDIT reddit/models/db1.py: 0
[2015-05-02 17:17:36] EDIT reddit/views/default/view_post.html: 0
[2015-05-02 17:20:15] EDIT reddit/models/db1.py: 0
[2015-05-02 17:20:36] EDIT reddit/views/default/view_post.html: 0
[2015-05-02 17:21:27] EDIT reddit/views/default/view_post.html: 0
[2015-05-02 17:23:33] EDIT reddit/views/default/view_post.html: 0
[2015-05-02 17:25:52] EDIT reddit/views/default/view_post.html: 0
[2015-05-02 17:26:14] EDIT reddit/views/default/view_post.html: 0
[2015-05-02 17:26:34] EDIT reddit/views/default/view_post.html: 0
[2015-05-02 17:32:52] EDIT reddit/models/db1.py: 1
[2015-05-02 17:33:08] EDIT reddit/views/default/view_post.html: 0
[2015-05-02 17:34:10] EDIT reddit/models/db1.py: 0
[2015-05-02 17:55:03] EDIT reddit/models/db1.py: 0
[2015-05-02 17:55:59] EDIT reddit/views/default/view_post.html: 0
[2015-05-02 18:17:53] EDIT reddit/views/default/list_posts_by_votes.html: 1
[2015-05-02 18:18:20] EDIT reddit/views/default/list_posts_by_votes.html: 0
[2015-05-02 18:18:26] EDIT reddit/views/default/list_posts_by_votes.html: 0
[2015-05-02 18:18:42] EDIT reddit/views/default/list_posts_by_votes.html: 0
[2015-05-02 18:22:02] EDIT reddit/views/default/view_post.html: -1
[2015-05-02 18:22:54] EDIT reddit/views/default/list_posts_by_votes.html: 0
[2015-05-02 18:24:05] EDIT reddit/views/default/list_posts_by_votes.html: 0
[2015-05-02 18:24:57] EDIT reddit/views/default/list_posts_by_votes.html: 1
[2015-05-02 18:25:53] EDIT reddit/views/default/list_posts_by_votes.html: 0
[2015-05-02 18:26:14] EDIT reddit/views/default/list_posts_by_votes.html: 0
[2015-05-02 18:26:44] EDIT reddit/views/default/list_posts_by_votes.html: 0
[2015-05-02 18:27:52] EDIT reddit/views/default/list_posts_by_votes.html: 1
[2015-05-02 18:28:16] EDIT reddit/views/default/list_posts_by_votes.html: 1
[2015-05-02 18:28:56] EDIT reddit/views/default/list_posts_by_votes.html: 0
[2015-05-02 18:29:10] EDIT reddit/views/default/list_posts_by_votes.html: 0
[2015-05-02 18:29:31] EDIT reddit/views/default/list_posts_by_votes.html: 0
[2015-05-02 18:30:15] EDIT reddit/views/default/list_posts_by_votes.html: 1
[2015-05-02 22:53:58] EDIT reddit/views/default/list_posts_by_votes.html: 0
[2015-05-02 22:54:11] EDIT reddit/views/default/list_posts_by_votes.html: 0
[2015-05-02 22:54:22] EDIT reddit/views/default/list_posts_by_votes.html: 0
[2015-05-02 22:55:52] EDIT reddit/views/default/list_posts_by_votes.html: 0
[2015-05-02 23:01:44] EDIT reddit/views/default/view_post.html: 0
[2015-05-02 23:05:47] EDIT reddit/views/default/view_post.html: 1
[2015-05-02 23:06:13] EDIT reddit/views/default/view_post.html: 0
[2015-05-02 23:08:16] EDIT reddit/views/default/view_post.html: 0
[2015-05-02 23:08:53] EDIT reddit/views/default/view_post.html: 0
[2015-05-02 23:09:34] EDIT reddit/views/default/view_post.html: 0
[2015-05-02 23:11:25] EDIT reddit/controllers/default.py: 1
[2015-05-02 23:11:59] EDIT reddit/controllers/default.py: 0
[2015-05-02 23:13:51] EDIT reddit/controllers/default.py: 0
[2015-05-02 23:16:47] EDIT reddit/views/default/view_post.html: 0
[2015-05-02 23:17:03] EDIT reddit/views/default/view_post.html: 0
[2015-05-02 23:18:31] EDIT reddit/views/default/view_post.html: 0
[2015-05-02 23:19:40] EDIT reddit/views/default/view_post.html: 0
[2015-05-02 23:20:01] EDIT reddit/views/default/view_post.html: 0
[2015-05-02 23:22:38] EDIT reddit/views/default/view_post.html: 0
[2015-05-02 23:26:15] EDIT reddit/views/default/view_post.html: 0
[2015-05-02 23:26:24] EDIT reddit/views/default/view_post.html: 0
[2015-05-02 23:26:59] EDIT reddit/controllers/default.py: 0
[2015-05-02 23:28:39] EDIT reddit/views/default/view_post.html: 0
[2015-05-02 23:32:43] EDIT reddit/views/default/view_post.html: 0
[2015-05-02 23:33:09] EDIT reddit/views/default/view_post.html: 0
[2015-05-02 23:33:37] EDIT reddit/views/default/view_post.html: 0
[2015-05-02 23:34:36] EDIT reddit/views/default/list_posts_by_votes.html: 0
[2015-05-02 23:37:14] EDIT reddit/views/default/view_post.html: 0
[2015-05-02 23:40:31] EDIT reddit/models/db1.py: 0
[2015-05-02 23:41:21] EDIT reddit/models/db1.py: 0
[2015-05-02 23:41:29] EDIT reddit/models/db1.py: 0
[2015-05-02 23:41:43] EDIT reddit/models/db1.py: 0
[2015-05-02 23:41:51] EDIT reddit/models/db1.py: 0
[2015-05-02 23:42:47] EDIT reddit/controllers/default.py: 0
[2015-05-02 23:43:12] EDIT reddit/controllers/default.py: 0
[2015-05-02 23:55:17] EDIT reddit/views/default/list_posts_by_votes.html: 0
[2015-05-02 23:56:00] EDIT reddit/controllers/default.py: 0
[2015-05-02 23:57:34] EDIT reddit/views/default/list_posts_by_votes.html: 0
[2015-05-02 23:57:50] EDIT reddit/views/default/list_posts_by_votes.html: 0
[2015-05-03 00:08:55] EDIT reddit/views/default/create_post.html: 1
[2015-05-03 00:09:55] EDIT reddit/views/default/create_post.html: -1
[2015-05-03 00:10:07] EDIT reddit/views/default/create_post.html: 0
[2015-05-03 00:10:15] EDIT reddit/views/default/create_post.html: 0
[2015-05-03 00:10:28] EDIT reddit/views/default/create_post.html: 0
[2015-05-03 00:12:06] EDIT reddit/views/default/create_post.html: 0
[2015-05-03 00:21:56] EDIT reddit/views/default/dekho.html: 0
[2015-05-03 00:25:52] EDIT reddit/views/default/dekho.html: 0
[2015-05-03 00:26:13] EDIT reddit/views/default/dekho.html: 0
[2015-05-03 00:26:33] EDIT reddit/views/default/dekho.html: 0
[2015-05-03 00:26:54] EDIT reddit/views/default/dekho.html: 0
[2015-05-03 00:27:04] EDIT reddit/views/default/dekho.html: 0
[2015-05-03 00:27:16] EDIT reddit/views/default/dekho.html: 0
[2015-05-03 00:27:34] EDIT reddit/views/default/dekho.html: 0
[2015-05-03 00:27:47] EDIT reddit/views/default/dekho.html: 0
[2015-05-03 00:29:09] EDIT reddit/views/default/dekho.html: 0
[2015-05-03 00:29:32] EDIT reddit/views/default/dekho.html: 0
[2015-05-03 00:30:01] EDIT reddit/views/default/dekho.html: 0
[2015-05-03 00:30:27] EDIT reddit/views/default/dekho.html: 0
[2015-05-03 00:30:58] EDIT reddit/views/default/dekho.html: 0
[2015-05-03 00:32:04] EDIT reddit/views/default/dekho.html: 0
[2015-05-03 00:32:47] EDIT reddit/views/default/dekho.html: 0
[2015-05-03 00:33:00] EDIT reddit/views/default/dekho.html: 0
[2015-05-03 00:34:05] EDIT reddit/views/default/dekho.html: 0
[2015-05-03 00:34:34] EDIT reddit/views/default/dekho.html: 0
[2015-05-03 00:35:03] EDIT reddit/views/default/dekho.html: 0
[2015-05-03 00:35:22] EDIT reddit/views/default/dekho.html: 0
[2015-05-03 00:35:38] EDIT reddit/views/default/dekho.html: 0
[2015-05-03 00:35:59] EDIT reddit/views/default/dekho.html: 0
[2015-05-03 00:36:14] EDIT reddit/views/default/dekho.html: 0
[2015-05-03 00:36:33] EDIT reddit/views/default/dekho.html: 0
[2015-05-03 00:36:48] EDIT reddit/views/default/dekho.html: 0
[2015-05-03 00:36:56] EDIT reddit/views/default/dekho.html: 0
[2015-05-03 00:38:07] EDIT reddit/views/default/dekho.html: 1
[2015-05-03 00:38:31] EDIT reddit/views/default/dekho.html: 0
[2015-05-03 00:38:47] EDIT reddit/views/default/dekho.html: 0
[2015-05-03 00:39:07] EDIT reddit/views/default/dekho.html: 0
[2015-05-03 00:39:17] EDIT reddit/views/default/dekho.html: 0
[2015-05-03 00:47:00] EDIT reddit/views/default/dekho.html: 0
[2015-05-03 09:27:56] EDIT reddit/controllers/default.py: 0
[2015-05-03 09:28:17] EDIT reddit/models/db1.py: 0
[2015-05-03 09:29:48] EDIT reddit/views/default/dekho.html: 0
[2015-05-03 09:29:57] EDIT reddit/views/default/dekho.html: 0
[2015-05-03 09:30:35] EDIT reddit/models/db1.py: 0
[2015-05-03 09:35:03] EDIT reddit/views/default/dekho.html: -1
[2015-05-03 09:36:24] EDIT reddit/views/default/dekho.html: 0
[2015-05-03 09:36:55] EDIT reddit/views/default/dekho.html: 0
[2015-05-03 09:37:14] EDIT reddit/views/default/dekho.html: 0
[2015-05-03 10:32:31] EDIT reddit/views/default/dekho.html: 0
[2015-05-03 10:35:35] EDIT reddit/views/default/list_posts_by_votes.html: 0
[2015-05-03 10:44:41] EDIT reddit/views/default/dekho.html: 0
[2015-05-03 10:45:46] EDIT reddit/views/default/dekho.html: 0
[2015-05-03 10:55:20] EDIT reddit/views/default/list_posts_by_votes.html: 0
[2015-05-03 11:00:12] EDIT reddit/views/default/list_posts_by_votes.html: 0
[2015-05-03 11:01:59] EDIT reddit/views/default/list_posts_by_votes.html: 0
[2015-05-03 11:02:18] EDIT reddit/views/default/list_posts_by_votes.html: 0
[2015-05-03 11:03:10] EDIT reddit/views/default/list_posts_by_votes.html: 10
[2015-05-03 11:03:39] EDIT reddit/views/default/list_posts_by_votes.html: 0
[2015-05-03 11:06:28] EDIT reddit/views/default/list_posts_by_votes.html: 0
[2015-05-03 11:06:52] EDIT reddit/views/default/list_posts_by_votes.html: 0
[2015-05-03 11:07:08] EDIT reddit/views/default/list_posts_by_votes.html: 0
[2015-05-03 11:07:26] EDIT reddit/views/default/list_posts_by_votes.html: 0
[2015-05-03 11:07:53] EDIT reddit/views/default/list_posts_by_votes.html: 0
[2015-05-03 11:09:26] EDIT reddit/views/default/list_posts_by_votes.html: 0
[2015-05-03 11:10:00] EDIT reddit/views/default/list_posts_by_votes.html: 0
[2015-05-03 11:10:10] EDIT reddit/views/default/list_posts_by_votes.html: 0
[2015-05-03 11:20:04] EDIT reddit/views/default/list_posts_by_votes.html: 0
[2015-05-03 11:20:58] EDIT reddit/views/default/list_posts_by_votes.html: 0
[2015-05-03 11:21:42] EDIT reddit/views/default/list_posts_by_votes.html: 0
[2015-05-03 11:22:18] EDIT reddit/views/default/list_posts_by_votes.html: 0
[2015-05-03 11:23:52] EDIT reddit/views/default/list_posts_by_votes.html: 0
[2015-05-03 11:24:33] EDIT reddit/views/default/list_posts_by_votes.html: 0
[2015-05-03 11:25:21] EDIT reddit/views/default/list_posts_by_votes.html: 0
[2015-05-03 11:25:36] EDIT reddit/views/default/list_posts_by_votes.html: 0
[2015-05-03 11:25:57] EDIT reddit/views/default/list_posts_by_votes.html: 0
[2015-05-03 11:26:42] EDIT reddit/views/default/list_posts_by_votes.html: 0
[2015-05-03 11:26:55] EDIT reddit/views/default/list_posts_by_votes.html: 0
[2015-05-03 11:27:26] EDIT reddit/views/default/list_posts_by_votes.html: -3
[2015-05-03 11:29:45] EDIT reddit/views/default/list_posts_by_votes.html: 2
[2015-05-03 11:31:06] EDIT reddit/views/default/list_posts_by_votes.html: 2
[2015-05-03 11:31:09] EDIT reddit/views/default/list_posts_by_votes.html: 0
[2015-05-03 11:39:16] EDIT reddit/views/default/list_posts_by_votes.html: 0
[2015-05-03 12:19:06] EDIT reddit/views/default/list_posts_by_votes.html: 0
[2015-05-03 17:11:24] EDIT reddit/views/default/list_posts_by_votes.html: 4
[2015-05-03 17:13:13] EDIT reddit/views/default/list_posts_by_votes.html: 0
[2015-05-03 17:13:20] EDIT reddit/views/default/list_posts_by_votes.html: 0
[2015-05-03 17:13:50] EDIT reddit/models/db1.py: 1
[2015-05-03 17:19:24] EDIT reddit/views/default/list_posts_by_votes.html: 0
[2015-05-03 17:20:10] EDIT reddit/models/db1.py: 0
[2015-05-03 17:24:16] EDIT reddit/views/default/list_posts_by_votes.html: 0
[2015-05-03 17:25:19] EDIT reddit/views/default/list_posts_by_votes.html: 8
[2015-05-03 17:26:05] EDIT reddit/views/default/list_posts_by_votes.html: 0
[2015-05-03 17:26:54] EDIT reddit/views/default/list_posts_by_votes.html: 0
[2015-05-03 18:20:14] EDIT Movie_madari/models/menu.py: 0
[2015-05-03 18:20:44] EDIT Movie_madari/models/menu.py: 0
[2015-05-03 18:25:46] EDIT Movie_madari/views/default/list_posts_by_votes.html: 0
[2015-05-03 23:34:35] EDIT Movie_madari/views/default/create_post.html: 0
[2015-05-03 23:34:46] EDIT Movie_madari/views/default/create_post.html: 0
[2015-05-03 23:44:58] EDIT Movie_madari/views/default/list_posts_by_votes.html: 1
[2015-05-03 23:45:47] EDIT Movie_madari/views/default/list_posts_by_votes.html: 1
[2015-05-03 23:46:32] EDIT Movie_madari/views/default/list_posts_by_votes.html: 2
[2015-05-03 23:46:58] EDIT Movie_madari/views/default/list_posts_by_votes.html: 0
[2015-05-03 23:47:17] EDIT Movie_madari/views/default/list_posts_by_votes.html: 0
[2015-05-03 23:54:23] EDIT Movie_madari/views/default/list_posts_by_votes.html: 0
[2015-05-03 23:54:48] EDIT Movie_madari/views/default/list_posts_by_votes.html: 0
[2015-05-03 23:58:56] EDIT Movie_madari/views/default/list_posts_by_votes.html: 29
[2015-05-04 00:04:22] EDIT Movie_madari/views/default/list_posts_by_votes.html: 0
[2015-05-04 00:05:03] EDIT Movie_madari/views/default/list_posts_by_votes.html: 0
[2015-05-04 00:06:19] EDIT Movie_madari/views/default/list_posts_by_votes.html: 0
[2015-05-04 00:07:00] EDIT Movie_madari/views/default/list_posts_by_votes.html: 0
[2015-05-04 00:08:17] EDIT Movie_madari/views/default/list_posts_by_votes.html: 0
[2015-05-04 00:10:17] EDIT Movie_madari/views/default/list_posts_by_votes.html: 0
[2015-05-04 11:47:43] EDIT Movie_madari/views/default/index.html: 4
[2015-05-04 11:49:16] EDIT Movie_madari/views/default/index.html: 0
[2015-05-04 11:50:18] EDIT Movie_madari/views/default/index.html: 0
[2015-05-04 11:50:41] EDIT Movie_madari/views/default/index.html: 0
[2015-05-04 11:51:12] EDIT Movie_madari/views/default/index.html: 0
[2015-05-04 11:52:06] EDIT Movie_madari/views/default/index.html: 2
[2015-05-04 11:52:24] EDIT Movie_madari/views/default/index.html: 0
[2015-05-04 11:52:43] EDIT Movie_madari/views/default/index.html: 0
[2015-05-04 11:55:16] EDIT Movie_madari/views/default/index.html: 0
[2015-05-04 11:55:50] EDIT Movie_madari/views/default/index.html: 0
[2015-05-04 11:56:21] EDIT Movie_madari/views/default/index.html: 0
[2015-05-04 11:59:34] EDIT Movie_madari/views/default/index.html: 0
[2015-05-04 12:03:17] EDIT Movie_madari/views/default/index.html: 0
[2015-05-04 12:06:06] EDIT Movie_madari/views/default/index.html: 0
[2015-05-04 12:06:18] EDIT Movie_madari/views/default/index.html: 0
[2015-05-04 12:08:54] EDIT Movie_madari/views/default/index.html: 0
[2015-05-04 12:18:28] EDIT Movie_madari/views/default/index.html: 0
[2015-05-04 12:19:44] EDIT Movie_madari/views/default/index.html: 0
[2015-05-04 12:21:07] EDIT Movie_madari/views/default/index.html: 0
[2015-05-04 12:21:45] EDIT Movie_madari/views/default/index.html: 0
[2015-05-04 12:26:41] EDIT Movie_madari/views/default/index.html: 0
[2015-05-04 13:37:38] EDIT Movie_madari/views/default/index.html: 0
[2015-05-04 13:37:51] EDIT Movie_madari/views/default/index.html: 0
[2015-05-04 13:40:01] EDIT Movie_madari/views/default/index.html: 3
[2015-05-04 13:40:17] EDIT Movie_madari/views/default/index.html: 0
[2015-05-04 13:40:31] EDIT Movie_madari/views/default/index.html: 0
[2015-05-04 13:40:54] EDIT Movie_madari/views/default/index.html: 1
[2015-05-04 13:41:10] EDIT Movie_madari/views/default/index.html: 0
[2015-05-04 13:41:21] EDIT Movie_madari/views/default/index.html: 0
[2015-05-04 13:41:48] EDIT Movie_madari/views/default/index.html: 3
[2015-05-04 13:42:12] EDIT Movie_madari/views/default/index.html: 0
[2015-05-04 13:42:22] EDIT Movie_madari/views/default/index.html: 0
[2015-05-04 13:42:34] EDIT Movie_madari/views/default/index.html: 0
[2015-05-04 13:42:44] EDIT Movie_madari/views/default/index.html: 0
[2015-05-04 13:42:59] EDIT Movie_madari/views/default/index.html: 0
[2015-05-04 13:43:08] EDIT Movie_madari/views/default/index.html: 0
[2015-05-04 13:43:21] EDIT Movie_madari/views/default/index.html: 0
[2015-05-04 13:43:42] EDIT Movie_madari/views/default/index.html: -3
[2015-05-04 13:44:01] EDIT Movie_madari/views/default/index.html: 1
[2015-05-04 13:44:18] EDIT Movie_madari/views/default/index.html: -1
[2015-05-04 13:44:42] EDIT Movie_madari/views/default/index.html: 1
[2015-05-04 13:44:54] EDIT Movie_madari/views/default/index.html: 0
[2015-05-04 13:45:54] EDIT Movie_madari/views/default/dekho.html: 4
[2015-05-04 13:46:40] EDIT Movie_madari/views/default/dekho.html: 0
[2015-05-04 20:43:53] EDIT Movie_madari/views/default/dekho.html: 0
[2015-05-04 20:44:16] EDIT Movie_madari/views/default/dekho.html: 0
[2015-05-04 20:45:36] EDIT Movie_madari/views/default/dekho.html: 0
[2015-05-04 21:10:48] EDIT Movie_madari/views/default/dekho.html: 0
[2015-05-04 21:11:08] EDIT Movie_madari/views/default/dekho.html: 0
[2015-05-04 21:11:42] EDIT Movie_madari/views/default/dekho.html: 0
[2015-05-04 21:11:57] EDIT Movie_madari/views/default/dekho.html: 0
[2015-05-04 21:13:52] EDIT Movie_madari/views/default/dekho.html: 0
[2015-05-04 21:14:07] EDIT Movie_madari/views/default/dekho.html: 0
[2015-05-04 21:14:26] EDIT Movie_madari/views/default/dekho.html: 0
[2015-05-04 21:16:09] EDIT Movie_madari/views/default/dekho.html: 0
[2015-05-04 21:17:07] EDIT Movie_madari/views/default/list_posts_by_votes.html: 4
[2015-05-04 21:19:51] EDIT Movie_madari/views/default/list_posts_by_votes.html: 0
[2015-05-04 21:21:24] EDIT Movie_madari/views/default/dekho.html: 0
[2015-05-05 10:23:30] EDIT Movie_madari/views/default/index.html: -2
[2015-05-05 10:24:15] EDIT Movie_madari/views/default/index.html: 0
[2015-05-05 10:24:29] EDIT Movie_madari/views/default/index.html: 0
[2015-05-05 10:26:16] EDIT Movie_madari/controllers/default.py: -7
[2015-05-05 10:41:12] EDIT Movie_madari/controllers/default.py: -6
[2015-05-05 10:56:17] EDIT Movie_madari/controllers/default.py: 0
[2015-05-05 11:59:58] EDIT Movie_madari/controllers/default.py: 0
